Arguments: 
  /Users/bblake/.fnm/node-versions/v12.18.0/installation/bin/node /Users/bblake/.yarn/bin/yarn.js

PATH: 
  /Users/boazblake/.cargo/bin:/private/var/folders/7s/ks_v5nmn4mv4lw0f1ffqpg8w0000gn/T/AppTranslocation/FEE8BA79-830F-4867-AB72-4FAFD9D74824/d/Zed.app/bin:/Users/boazblake/.yarn/bin:/usr/local/opt/nvm/versions/node/v8.9.4/bin:/Users/boazblake/.yarn/bin:/Users/boazblake/.config/yarn/global/node_modules/.bin:/usr/local/opt/openssl/bin:/usr/local/mysql/bin:/usr/local/cmake/bin:/usr/local/mongodb/bin:/usr/local/au/bin:/usr/local/git/bin:/usr/local/autoconf/bin:/usr/local/git/bin:/sw/bin:/usr/local/bin:/usr/local:/usr/local/sbin:/usr/local/mysql/bin:/usr/local/bin:/usr/local/bin:/usr/bin:/bin:/usr/sbin:/sbin:/Users/boazblake/.vimpkg/bin:/Users/bblake/.local/bin:/usr/local/share/npm/bin:/Users/bblake/Library/Android/sdk/platform-tools:/Users/bblake/Library/Android/sdk/tools/bin:/Users/bblake/Library/Android/sdk/tools:/var/folders/7s/ks_v5nmn4mv4lw0f1ffqpg8w0000gn/T/fnm-shell-5437953/bin:/Users/bblake/.config/yarn/global/node_modules/.bin:/Users/bblake/.yarn/bin:/Users/bblake/usr/local/bin:/Users/bblake/bin:/usr/local/bin:/usr/bin:/bin:/usr/sbin:/sbin:/Library/Apple/usr/bin:/Library/Frameworks/Mono.framework/Versions/Current/Commands:/Applications/Postgres.app/Contents/Versions/latest/bin:/Users/boazblake/.cargo/bin:/private/var/folders/7s/ks_v5nmn4mv4lw0f1ffqpg8w0000gn/T/AppTranslocation/FEE8BA79-830F-4867-AB72-4FAFD9D74824/d/Zed.app/bin:/Users/boazblake/.yarn/bin:/usr/local/opt/nvm/versions/node/v8.9.4/bin:/Users/boazblake/.config/yarn/global/node_modules/.bin:/usr/local/opt/openssl/bin:/usr/local/mysql/bin:/usr/local/cmake/bin:/usr/local/mongodb/bin:/usr/local/au/bin:/usr/local/git/bin:/usr/local/autoconf/bin:/sw/bin:/usr/local:/usr/local/sbin:/Users/boazblake/.vimpkg/bin:/Users/bblake/.local/bin:/usr/local/share/npm/bin:/Users/bblake/Library/Android/sdk/platform-tools:/Users/bblake/Library/Android/sdk/tools/bin:/Users/bblake/Library/Android/sdk/tools:/var/folders/7s/ks_v5nmn4mv4lw0f1ffqpg8w0000gn/T/fnm-shell-9051953/bin:/Users/bblake/.config/yarn/global/node_modules/.bin:/Users/bblake/.yarn/bin:/Users/bblake/usr/local/bin:/Users/bblake/bin:/Users/bblake/Library/Android/sdk/build-tools/29.0.2:/Users/bblake/.rvm/bin:/Users/bblake/Library/Android/sdk/tools:/Users/bblake/Library/Android/sdk/platform-tools:/Users/bblake/Library/Android/sdk/build-tools/29.0.2:/Users/bblake/.rvm/bin

Yarn version: 
  1.22.4

Node version: 
  12.18.0

Platform: 
  darwin x64

Trace: 
  Error: unable to get local issuer certificate
      at TLSSocket.onConnectSecure (_tls_wrap.js:1506:34)
      at TLSSocket.emit (events.js:315:20)
      at TLSSocket._finishInit (_tls_wrap.js:948:8)
      at TLSWrap.ssl.onhandshakedone (_tls_wrap.js:706:12)

npm manifest: 
  {
    "name": "ionic-poc",
    "version": "1.0.0",
    "main": "index.js",
    "license": "MIT",
    "scripts": {
      "clean": "yarn cache clean && rm -rf ./docs && rm -rf ./node_modules",
      "clean-start": "rm -rf docs && yarn run start",
      "fresh": "yarn run clean && yarn install && yarn run start",
      "debug": "export LOGGY_STACKS=1 && yarn run start",
      "start": "brunch watch --server",
      "ionic:build": "yarn build",
      "build:pre": "rm -rf docs",
      "build": "yarn run build:pre && brunch build --production",
      "gitcommit": "git add .; git commit -m",
      "gitbuild": "git add .; git commit -m 'build'; git push",
      "sync": "ionic cap sync"
    },
    "dependencies": {
      "@babel/plugin-transform-runtime": "^7.12.1",
      "@capacitor/android": "2.4.1",
      "@capacitor/core": "2.4.1",
      "@capacitor/ios": "2.4.1",
      "@ionic-native/camera": "^5.30.0",
      "@ionic-native/core": "^5.30.0",
      "@ionic/core": "^5.3.3",
      "data.task": "^3.1.2",
      "mithril": "^2.0.4",
      "mithril-stream": "^2.0.0",
      "ramda": "^0.27.1"
    },
    "devDependencies": {
      "@babel/plugin-transform-spread": "^7.7.4",
      "@capacitor/cli": "2.4.1",
      "auto-reload-brunch": "^2.7.1",
      "babel-brunch": "7.0.1",
      "brunch": "3.0.0",
      "clean-css-brunch": "3.0.0",
      "copycat-brunch": "1.1.1",
      "imagemin-brunch": "^1.1.0",
      "sass-brunch": "3.0.0",
      "size-limit": "^4.5.0",
      "sw-precache-brunch": "^2.0.1",
      "terser-brunch": "^4.0.0"
    },
    "author": "boaz blake<boazblake@gmail.com>",
    "private": true
  }

yarn manifest: 
  No manifest

Lockfile: 
  No lockfile
